E:\VIMBACPP_EXAMPLES\ASYNCHRONOUSGRAB\MFC\BUILD\VS2010\WIN32\DEBUG\APICONTROLLER.OBJ
E:\VIMBACPP_EXAMPLES\ASYNCHRONOUSGRAB\MFC\BUILD\VS2010\WIN32\DEBUG\ASYNCHRONOUSGRAB.OBJ
E:\VIMBACPP_EXAMPLES\ASYNCHRONOUSGRAB\MFC\BUILD\VS2010\WIN32\DEBUG\ASYNCHRONOUSGRAB.RES
E:\VIMBACPP_EXAMPLES\ASYNCHRONOUSGRAB\MFC\BUILD\VS2010\WIN32\DEBUG\ASYNCHRONOUSGRABDLG.OBJ
E:\VIMBACPP_EXAMPLES\ASYNCHRONOUSGRAB\MFC\BUILD\VS2010\WIN32\DEBUG\ASYNCHRONOUSGRABMFC.EXE
E:\VIMBACPP_EXAMPLES\ASYNCHRONOUSGRAB\MFC\BUILD\VS2010\WIN32\DEBUG\ASYNCHRONOUSGRABMFC.EXE.EMBED.MANIFEST
E:\VIMBACPP_EXAMPLES\ASYNCHRONOUSGRAB\MFC\BUILD\VS2010\WIN32\DEBUG\ASYNCHRONOUSGRABMFC.EXE.EMBED.MANIFEST.RES
E:\VIMBACPP_EXAMPLES\ASYNCHRONOUSGRAB\MFC\BUILD\VS2010\WIN32\DEBUG\ASYNCHRONOUSGRABMFC.EXE.INTERMEDIATE.MANIFEST
E:\VIMBACPP_EXAMPLES\ASYNCHRONOUSGRAB\MFC\BUILD\VS2010\WIN32\DEBUG\ASYNCHRONOUSGRABMFC.ILK
E:\VIMBACPP_EXAMPLES\ASYNCHRONOUSGRAB\MFC\BUILD\VS2010\WIN32\DEBUG\ASYNCHRONOUSGRABMFC.PCH
E:\VIMBACPP_EXAMPLES\ASYNCHRONOUSGRAB\MFC\BUILD\VS2010\WIN32\DEBUG\ASYNCHRONOUSGRABMFC.PDB
E:\VIMBACPP_EXAMPLES\ASYNCHRONOUSGRAB\MFC\BUILD\VS2010\WIN32\DEBUG\CAMERAOBSERVER.OBJ
E:\VIMBACPP_EXAMPLES\ASYNCHRONOUSGRAB\MFC\BUILD\VS2010\WIN32\DEBUG\FRAMEOBSERVER.OBJ
E:\VIMBACPP_EXAMPLES\ASYNCHRONOUSGRAB\MFC\BUILD\VS2010\WIN32\DEBUG\FRAMEOBSERVER2.OBJ
E:\VIMBACPP_EXAMPLES\ASYNCHRONOUSGRAB\MFC\BUILD\VS2010\WIN32\DEBUG\STDAFX.OBJ
E:\VIMBACPP_EXAMPLES\ASYNCHRONOUSGRAB\MFC\BUILD\VS2010\WIN32\DEBUG\VC100.PDB
E:\VIMBACPP_EXAMPLES\ASYNCHRONOUSGRAB\MFC_MULTICAMERA\BUILD\VS2010\WIN32\DEBUG\APICONTROLLER.OBJ
E:\VIMBACPP_EXAMPLES\ASYNCHRONOUSGRAB\MFC_MULTICAMERA\BUILD\VS2010\WIN32\DEBUG\ASYNCHRONOUSGRAB.OBJ
E:\VIMBACPP_EXAMPLES\ASYNCHRONOUSGRAB\MFC_MULTICAMERA\BUILD\VS2010\WIN32\DEBUG\ASYNCHRONOUSGRAB.RES
E:\VIMBACPP_EXAMPLES\ASYNCHRONOUSGRAB\MFC_MULTICAMERA\BUILD\VS2010\WIN32\DEBUG\ASYNCHRONOUSGRABDLG.OBJ
E:\VimbaCPP_Examples\AsynchronousGrab\MFC_MultiCamera\Build\VS2010\Win32\Debug\AsynchronousGrabMFC.exe.embed.manifest
E:\VIMBACPP_EXAMPLES\ASYNCHRONOUSGRAB\MFC_MULTICAMERA\BUILD\VS2010\WIN32\DEBUG\ASYNCHRONOUSGRABMFC.EXE.EMBED.MANIFEST.RES
E:\VimbaCPP_Examples\AsynchronousGrab\MFC_MultiCamera\Build\VS2010\Win32\Debug\AsynchronousGrabMFC.exe.intermediate.manifest
E:\VIMBACPP_EXAMPLES\ASYNCHRONOUSGRAB\MFC_MULTICAMERA\BUILD\VS2010\WIN32\DEBUG\ASYNCHRONOUSGRABMFC.PCH
E:\VimbaCPP_Examples\AsynchronousGrab\MFC_MultiCamera\Build\VS2010\Win32\Debug\AsynchronousGrabMFC.pdb
E:\VimbaCPP_Examples\AsynchronousGrab\MFC_MultiCamera\Build\VS2010\Win32\Debug\AsynchronousGrabMFC.vcxprojResolveAssemblyReference.cache
E:\VimbaCPP_Examples\AsynchronousGrab\MFC_MultiCamera\Build\VS2010\Win32\Debug\AsynchronousGrabMFC.write.1.tlog
E:\VimbaCPP_Examples\AsynchronousGrab\MFC_MultiCamera\Build\VS2010\Win32\Debug\AsynchronousGrabMFC_manifest.rc
E:\VIMBACPP_EXAMPLES\ASYNCHRONOUSGRAB\MFC_MULTICAMERA\BUILD\VS2010\WIN32\DEBUG\CAMERAOBSERVER.OBJ
E:\VimbaCPP_Examples\AsynchronousGrab\MFC_MultiCamera\Build\VS2010\Win32\Debug\cl.command.1.tlog
E:\VimbaCPP_Examples\AsynchronousGrab\MFC_MultiCamera\Build\VS2010\Win32\Debug\CL.read.1.tlog
E:\VimbaCPP_Examples\AsynchronousGrab\MFC_MultiCamera\Build\VS2010\Win32\Debug\CL.write.1.tlog
E:\VIMBACPP_EXAMPLES\ASYNCHRONOUSGRAB\MFC_MULTICAMERA\BUILD\VS2010\WIN32\DEBUG\FRAMEOBSERVER.OBJ
E:\VIMBACPP_EXAMPLES\ASYNCHRONOUSGRAB\MFC_MULTICAMERA\BUILD\VS2010\WIN32\DEBUG\FRAMEOBSERVER2.OBJ
E:\VimbaCPP_Examples\AsynchronousGrab\MFC_MultiCamera\Build\VS2010\Win32\Debug\link.17600.read.1.tlog
E:\VimbaCPP_Examples\AsynchronousGrab\MFC_MultiCamera\Build\VS2010\Win32\Debug\link.17600.write.1.tlog
E:\VimbaCPP_Examples\AsynchronousGrab\MFC_MultiCamera\Build\VS2010\Win32\Debug\link.17600-cvtres.read.1.tlog
E:\VimbaCPP_Examples\AsynchronousGrab\MFC_MultiCamera\Build\VS2010\Win32\Debug\link.17600-cvtres.write.1.tlog
E:\VimbaCPP_Examples\AsynchronousGrab\MFC_MultiCamera\Build\VS2010\Win32\Debug\link.17612.read.1.tlog
E:\VimbaCPP_Examples\AsynchronousGrab\MFC_MultiCamera\Build\VS2010\Win32\Debug\link.17612.write.1.tlog
E:\VimbaCPP_Examples\AsynchronousGrab\MFC_MultiCamera\Build\VS2010\Win32\Debug\link.17612-cvtres.read.1.tlog
E:\VimbaCPP_Examples\AsynchronousGrab\MFC_MultiCamera\Build\VS2010\Win32\Debug\link.17612-cvtres.write.1.tlog
E:\VimbaCPP_Examples\AsynchronousGrab\MFC_MultiCamera\Build\VS2010\Win32\Debug\link.19332.read.1.tlog
E:\VimbaCPP_Examples\AsynchronousGrab\MFC_MultiCamera\Build\VS2010\Win32\Debug\link.19332.write.1.tlog
E:\VimbaCPP_Examples\AsynchronousGrab\MFC_MultiCamera\Build\VS2010\Win32\Debug\link.19332-cvtres.read.1.tlog
E:\VimbaCPP_Examples\AsynchronousGrab\MFC_MultiCamera\Build\VS2010\Win32\Debug\link.19332-cvtres.write.1.tlog
E:\VimbaCPP_Examples\AsynchronousGrab\MFC_MultiCamera\Build\VS2010\Win32\Debug\link.19780.read.1.tlog
E:\VimbaCPP_Examples\AsynchronousGrab\MFC_MultiCamera\Build\VS2010\Win32\Debug\link.19780.write.1.tlog
E:\VimbaCPP_Examples\AsynchronousGrab\MFC_MultiCamera\Build\VS2010\Win32\Debug\link.19780-cvtres.read.1.tlog
E:\VimbaCPP_Examples\AsynchronousGrab\MFC_MultiCamera\Build\VS2010\Win32\Debug\link.19780-cvtres.write.1.tlog
E:\VimbaCPP_Examples\AsynchronousGrab\MFC_MultiCamera\Build\VS2010\Win32\Debug\link.20068.read.1.tlog
E:\VimbaCPP_Examples\AsynchronousGrab\MFC_MultiCamera\Build\VS2010\Win32\Debug\link.20068.write.1.tlog
E:\VimbaCPP_Examples\AsynchronousGrab\MFC_MultiCamera\Build\VS2010\Win32\Debug\link.20068-cvtres.read.1.tlog
E:\VimbaCPP_Examples\AsynchronousGrab\MFC_MultiCamera\Build\VS2010\Win32\Debug\link.20068-cvtres.write.1.tlog
E:\VimbaCPP_Examples\AsynchronousGrab\MFC_MultiCamera\Build\VS2010\Win32\Debug\link.20248.read.1.tlog
E:\VimbaCPP_Examples\AsynchronousGrab\MFC_MultiCamera\Build\VS2010\Win32\Debug\link.20248.write.1.tlog
E:\VimbaCPP_Examples\AsynchronousGrab\MFC_MultiCamera\Build\VS2010\Win32\Debug\link.20248-cvtres.read.1.tlog
E:\VimbaCPP_Examples\AsynchronousGrab\MFC_MultiCamera\Build\VS2010\Win32\Debug\link.20248-cvtres.write.1.tlog
E:\VimbaCPP_Examples\AsynchronousGrab\MFC_MultiCamera\Build\VS2010\Win32\Debug\link.2056.read.1.tlog
E:\VimbaCPP_Examples\AsynchronousGrab\MFC_MultiCamera\Build\VS2010\Win32\Debug\link.2056.write.1.tlog
E:\VimbaCPP_Examples\AsynchronousGrab\MFC_MultiCamera\Build\VS2010\Win32\Debug\link.2056-cvtres.read.1.tlog
E:\VimbaCPP_Examples\AsynchronousGrab\MFC_MultiCamera\Build\VS2010\Win32\Debug\link.2056-cvtres.write.1.tlog
E:\VimbaCPP_Examples\AsynchronousGrab\MFC_MultiCamera\Build\VS2010\Win32\Debug\link.21680.read.1.tlog
E:\VimbaCPP_Examples\AsynchronousGrab\MFC_MultiCamera\Build\VS2010\Win32\Debug\link.21680.write.1.tlog
E:\VimbaCPP_Examples\AsynchronousGrab\MFC_MultiCamera\Build\VS2010\Win32\Debug\link.21680-cvtres.read.1.tlog
E:\VimbaCPP_Examples\AsynchronousGrab\MFC_MultiCamera\Build\VS2010\Win32\Debug\link.21680-cvtres.write.1.tlog
E:\VimbaCPP_Examples\AsynchronousGrab\MFC_MultiCamera\Build\VS2010\Win32\Debug\link.3484.read.1.tlog
E:\VimbaCPP_Examples\AsynchronousGrab\MFC_MultiCamera\Build\VS2010\Win32\Debug\link.3484.write.1.tlog
E:\VimbaCPP_Examples\AsynchronousGrab\MFC_MultiCamera\Build\VS2010\Win32\Debug\link.3484-cvtres.read.1.tlog
E:\VimbaCPP_Examples\AsynchronousGrab\MFC_MultiCamera\Build\VS2010\Win32\Debug\link.3484-cvtres.write.1.tlog
E:\VimbaCPP_Examples\AsynchronousGrab\MFC_MultiCamera\Build\VS2010\Win32\Debug\link.4052.read.1.tlog
E:\VimbaCPP_Examples\AsynchronousGrab\MFC_MultiCamera\Build\VS2010\Win32\Debug\link.4052.write.1.tlog
E:\VimbaCPP_Examples\AsynchronousGrab\MFC_MultiCamera\Build\VS2010\Win32\Debug\link.4052-cvtres.read.1.tlog
E:\VimbaCPP_Examples\AsynchronousGrab\MFC_MultiCamera\Build\VS2010\Win32\Debug\link.4052-cvtres.write.1.tlog
E:\VimbaCPP_Examples\AsynchronousGrab\MFC_MultiCamera\Build\VS2010\Win32\Debug\link.700.read.1.tlog
E:\VimbaCPP_Examples\AsynchronousGrab\MFC_MultiCamera\Build\VS2010\Win32\Debug\link.700.write.1.tlog
E:\VimbaCPP_Examples\AsynchronousGrab\MFC_MultiCamera\Build\VS2010\Win32\Debug\link.700-cvtres.read.1.tlog
E:\VimbaCPP_Examples\AsynchronousGrab\MFC_MultiCamera\Build\VS2010\Win32\Debug\link.700-cvtres.write.1.tlog
E:\VimbaCPP_Examples\AsynchronousGrab\MFC_MultiCamera\Build\VS2010\Win32\Debug\link.command.1.tlog
E:\VimbaCPP_Examples\AsynchronousGrab\MFC_MultiCamera\Build\VS2010\Win32\Debug\link.read.1.tlog
E:\VimbaCPP_Examples\AsynchronousGrab\MFC_MultiCamera\Build\VS2010\Win32\Debug\link.write.1.tlog
E:\VimbaCPP_Examples\AsynchronousGrab\MFC_MultiCamera\Build\VS2010\Win32\Debug\link-cvtres.read.1.tlog
E:\VimbaCPP_Examples\AsynchronousGrab\MFC_MultiCamera\Build\VS2010\Win32\Debug\link-cvtres.write.1.tlog
E:\VimbaCPP_Examples\AsynchronousGrab\MFC_MultiCamera\Build\VS2010\Win32\Debug\mt.command.1.tlog
E:\VimbaCPP_Examples\AsynchronousGrab\MFC_MultiCamera\Build\VS2010\Win32\Debug\mt.read.1.tlog
E:\VimbaCPP_Examples\AsynchronousGrab\MFC_MultiCamera\Build\VS2010\Win32\Debug\mt.write.1.tlog
E:\VimbaCPP_Examples\AsynchronousGrab\MFC_MultiCamera\Build\VS2010\Win32\Debug\rc.command.1.tlog
E:\VimbaCPP_Examples\AsynchronousGrab\MFC_MultiCamera\Build\VS2010\Win32\Debug\rc.read.1.tlog
E:\VimbaCPP_Examples\AsynchronousGrab\MFC_MultiCamera\Build\VS2010\Win32\Debug\rc.write.1.tlog
E:\VIMBACPP_EXAMPLES\ASYNCHRONOUSGRAB\MFC_MULTICAMERA\BUILD\VS2010\WIN32\DEBUG\STDAFX.OBJ
E:\VimbaCPP_Examples\AsynchronousGrab\MFC_MultiCamera\Build\VS2010\Win32\Debug\vc100.idb
E:\VIMBACPP_EXAMPLES\ASYNCHRONOUSGRAB\MFC_MULTICAMERA\BUILD\VS2010\WIN32\DEBUG\VC100.PDB
